<?xml version="1.0" encoding="UTF-8"?>
<!-- Generated by org.testng.reporters.JUnitReportReporter -->
<testsuite hostname="LAPTOP-0NLNP5JB" failures="0" tests="5" name="tests.GymTest" time="14.770" errors="0" timestamp="2026-03-26T19:42:22 IST" skipped="0">
  <testcase classname="tests.GymTest" name="testPlanSelection" time="3.071"/>
  <testcase classname="tests.GymTest" name="testPlanSelection" time="2.221"/>
  <testcase classname="tests.GymTest" name="testPlansVisibility" time="4.992"/>
  <testcase classname="tests.GymTest" name="testPlanSelection" time="2.313"/>
  <testcase classname="tests.GymTest" name="testProceedWithoutSelection" time="2.173"/>
</testsuite> <!-- tests.GymTest -->
