<?xml version="1.0" encoding="UTF-8"?>
<!-- Generated by org.testng.reporters.JUnitXMLReporter -->
<testsuite ignored="0" hostname="LAPTOP-0NLNP5JB" failures="0" tests="5" name="Default test" time="14.833" errors="0" timestamp="2026-03-26T19:42:22 IST">
  <testcase classname="tests.GymTest" name="testPlanSelection" time="0.198"/>
  <testcase classname="tests.GymTest" name="testPlanSelection" time="0.106"/>
  <testcase classname="tests.GymTest" name="testPlanSelection" time="0.15"/>
  <testcase classname="tests.GymTest" name="testPlansVisibility" time="0.106"/>
  <testcase classname="tests.GymTest" name="testProceedWithoutSelection" time="0.023"/>
</testsuite> <!-- Default test -->
